Starting QoRTs v1.2.26 (Compiled Tue Mar  7 14:22:03 EST 2017)
Starting time: (Mon Sep 04 17:35:58 TRT 2023)
INPUT_COMMAND(QC)
  INPUT_ARG(infile)=inputData/bamFiles/SAMP2_RG1.bam
  INPUT_ARG(gtffile)=inputData/annoFiles/anno.gtf.gz
  INPUT_ARG(outdir)=outputData/qortsData/SAMP2_RG1/
  INPUT_ARG(stranded)=true
  INPUT_ARG(chromSizes)=Some(inputData/annoFiles/chrom.sizes)
Created Log File: outputData/qortsData/SAMP2_RG1//QC.2Jbq3jYLIOUr.log
NOTE: maximum allocation memory = 1.073741824 gigabytes.
    This might be ok, or might cause OutOfMemoryExceptions later.
    For most large datasets/genomes at least 4 gb is recommended.
    (Actual required memory may be less than this.)
    To increase the memory maximum, include the parameter -Xmx
    in between the java command and the -jar parameter.
    For example: to increase the memory maximum to 4 gigabytes:
        java -Xmx4G -jar /path/to/jar/QoRTs.jar QC ...
Starting QC
[Time: 2023-09-04 17:35:58] [Mem usage: [7MB / 58MB]] [Elapsed Time: 00:00:00.0000]
QoRTs is Running in paired-end mode.
QoRTs is Running in any-sorted mode.
Chromosome size file added. Adding target wiggle plot generation.
No parameter --genomeFA found.
NOTE: Function "overlapMatch" requires function "mismatchEngine". Adding "mismatchEngine" to the active function list...
Running functions: CigarOpDistribution, GCDistribution, GeneCalcs, InsertSize, 
        JunctionCalcs, NVC, QualityScoreDistribution, StrandCheck, 
        chromCounts, cigarLocusCounts, makeWiggles, mismatchEngine, 
        overlapMatch, readLengthDistro, writeBiotypeCounts, 
        writeClippedNVC, writeDESeq, writeDEXSeq, writeGeneBody, 
        writeGeneCounts, writeGenewiseGeneBody, 
        writeJunctionSeqCounts, writeKnownSplices, 
        writeNovelSplices, writeSpliceExon
Checking first 10000 reads. Checking SAM file for formatting errors...
   Stats on the first 10000 reads:
        Num Reads Primary Map:    5666
        Num Reads Paired-ended:   10000
        Num Reads mapped pair:    5666
        Num Pair names found:     2836
        Num Pairs matched:        2830
        Read Seq length:          101 to 101
        Unclipped Read length:    101 to 101
        Final maxReadLength:      101
        maxPhredScore:            41
        minPhredScore:            2
   Note: Data appears to be paired-ended.
   Sorting Note: Reads are not sorted by name (This is OK).
   Sorting Note: Reads are sorted by position (This is OK).
Done checking first 10000 reads. No major problems detected!
Starting getSRPairIterResorted...
SAMRecord Reader Generated. Read length: 101.
[Time: 2023-09-04 17:36:04] [Mem usage: [34MB / 225MB]] [Elapsed Time: 00:00:06.0233]
> Init GeneCalcs Utility
> Init InsertSize Utility
Compiling flat feature annotation, internally in memory...
FlatteningGtf: starting...(2023-09-04 17:36:07)
    FlatteningGtf: gtf file read complete.(2023-09-04 17:36:09)
    FlatteningGtf: Splice Junction Map read.(2023-09-04 17:36:09)
    FlatteningGtf: gene Sets generated.(2023-09-04 17:36:09)
    FlatteningGtf: Aggregate Sets built.
    FlatteningGtf: Compiling Aggregate Info . . . (2023-09-04 17:36:09)
    FlatteningGtf: Finished Compiling Aggregate Info. (2023-09-04 17:36:09)
    FlatteningGtf: Iterating through the step-vector...(2023-09-04 17:36:09)
    FlatteningGtf: Adding the aggregate genes themselves...(2023-09-04 17:36:09)
    FlatteningGtf: Iterating through the splice junctions...(2023-09-04 17:36:09)
    FlatteningGtf: Sorting the aggregate genes...(2023-09-04 17:36:09)
    FlatteningGtf: Folding the FlatGtfLine iterator...(2023-09-04 17:36:09)
    FlatteningGtf: Features Built.(2023-09-04 17:36:09)
Internal flat feature annotation compiled!
> Init NVC utility
> Init CigarOpDistribution Utility
> Init QualityScoreDistribution Utility
> Init GC counts Utility
> Init JunctionCalcs utility
length of knownSpliceMap after instantiation: 6807
length of knownCountMap after instantiation: 6807
> Init StrandCheck Utility
> Init chromCount Utility
> Init qcCigarLocusCounts Utility
Beginning allocation of genomic window array...
Finished allocation of chromosome chr14
Finished allocation of chromosome chr14_KL568057v1_random
Finished allocation of chromosome chr14_KL568053v1_random
Finished allocation of chromosome chr14_KL568054v1_random
Finished allocation of chromosome chr14_KL568059v1_random
Finished allocation of chromosome chr14_KL568052v1_random
Finished allocation of chromosome chr14_KL568058v1_random
Finished allocation of chromosome chr14_KL568055v1_random
Finished allocation of chromosome chr14_KL568061v1_random
Finished allocation of chromosome chr14_KL568060v1_random
Finished allocation of chromosome chr14_KL568056v1_random
Finished allocation of chromosome chrX
Finished allocation of chromosome chrM
Finished allocation of genomic window array.
> Init OverlapMatch Utility
> Init MinorUtils Utility
QC Utilities Generated!
[Time: 2023-09-04 17:36:10] [Mem usage: [134MB / 225MB]] [Elapsed Time: 00:00:11.0408]
helper_calculateGeneAssignmentMap_strict. Found: 1064 genes in the supplied annotation.
helper_calculateGeneAssignmentMap_strict. Found: 20 genes with ambiguous segments.
helper_calculateGeneAssignmentMap_strict. Found: 1044 genes after first-pass filtering
making makeGeneIntervalMap for geneBody calculations. Found: 1044 acceptable genes for gene-body analysis.
...
Finished reading SAM. Read: 309417 reads/read-pairs.
Finished reading SAM. Used: 267382 reads/read-pairs.
[Time: 2023-09-04 17:37:11] [Mem usage: [463MB / 667MB]] [Elapsed Time: 00:01:12.0952]
> Read Stats:
>   READ_PAIR_OK                   267382
>   TOTAL_READ_PAIRS               309417
>   DROPPED_NOT_PROPER_PAIR        0
>   DROPPED_READ_FAILS_VENDOR_QC   0
>   DROPPED_MARKED_NOT_VALID       0
>   DROPPED_CHROMS_MISMATCH        0
>   DROPPED_PAIR_STRANDS_MISMATCH  0
>   DROPPED_IGNORED_CHROMOSOME     0
>   DROPPED_NOT_UNIQUE_ALIGNMENT   42035
>   DROPPED_NO_ALN_BLOCKS   0
>   DROPPED_NOT_MARKED_RG   -1
Pre-alignment read count unknown (Set --seqReadCt or --rawfastq)
Writing Output...
DEBUG NOTE: IncludeGenesSet.size: 1044
DEBUG NOTE: sortedReadCountSeq.size: 527
DEBUG NOTE: coverageThresholds: 263;395;474;527
DEBUG NOTE: coverageSpans: [(0,263);(263,395);(395,474);(474,527)]
DEBUG NOTE:	[1.bottomHalf][0.5] = [0,263]
DEBUG NOTE:	[2.upperMidQuartile][0.75] = [263,395]
DEBUG NOTE:	[3.75to90][0.9] = [395,474]
DEBUG NOTE:	[4.high][1.0] = [474,527]
      (DEBUG) Generating Biotype Map [2023-09-04 17:37:12]
      (DEBUG) Extracted gene BioType using key "gene_biotype".
              Found 13 types: [protein_coding,rRNA,miRNA,scaRNA,snRNA,snoRNA,transcribed_processed_pseudogene,processed_transcript,processed_pseudogene,lincRNA,misc_RNA,ribozyme,pseudogene]
      (DEBUG) Finished Biotype Map [2023-09-04 17:37:13]
length of knownCountMap after run: 6807
QoRTs QC complete with no problems.
Done.
Time spent on setup:           00:00:11.0408
Time spent on SAM iteration:   00:01:01.0547
                               (3.2857492208465167 minutes per million read-pairs)
                               (3.802300329366474 minutes per million read-pairs used)
Time spent on file output:     00:00:16.0026
Total runtime:                 00:01:28.0981
Done. (Mon Sep 04 17:37:27 TRT 2023)
